<?xml version="1.0" encoding="UTF-8"?>
<!-- Generated by org.testng.reporters.JUnitReportReporter -->
<testsuite hostname="DESKTOP-QT4IDS0" failures="0" tests="11" name="pageObjectTests.LogIn" time="50.350" errors="0" timestamp="2023-12-08T10:24:29 EST" skipped="0">
  <testcase classname="pageObjectTests.LogIn" name="loginWithInvalidCredentialsBackEnd" time="3.357"/>
  <system-out/>
  <testcase classname="pageObjectTests.LogIn" name="logInAfterUpdatedPassword" time="5.550"/>
  <system-out/>
  <testcase classname="pageObjectTests.LogIn" name="loginCorrectCredentials" time="4.281"/>
  <system-out/>
  <testcase classname="pageObjectTests.LogIn" name="loginWithInvalidCredentialsFrontEnd" time="4.025"/>
  <system-out/>
  <testcase classname="pageObjectTests.LogIn" name="loginWithInvalidCredentialsBackEnd" time="3.350"/>
  <system-out/>
  <testcase classname="pageObjectTests.LogIn" name="loginWithInvalidCredentialsFrontEnd" time="3.999"/>
  <system-out/>
  <testcase classname="pageObjectTests.LogIn" name="loginWithInvalidCredentialsFrontEnd" time="3.939"/>
  <system-out/>
  <testcase classname="pageObjectTests.LogIn" name="logInWithOldEmail" time="8.259"/>
  <system-out/>
  <testcase classname="pageObjectTests.LogIn" name="logInAfterUpdatedEmail" time="5.668"/>
  <system-out/>
  <testcase classname="pageObjectTests.LogIn" name="logInWithOldPassword" time="3.972"/>
  <system-out/>
  <testcase classname="pageObjectTests.LogIn" name="loginWithInvalidCredentialsFrontEnd" time="3.950"/>
  <system-out/>
</testsuite> <!-- pageObjectTests.LogIn -->
