<?xml version="1.0" encoding="UTF-8"?>
<!-- Generated by org.testng.reporters.JUnitReportReporter -->
<testsuite hostname="DESKTOP-QT4IDS0" failures="0" tests="11" name="pageObjectTests.LogIn" time="48.460" errors="0" timestamp="2023-12-08T10:29:33 EST" skipped="0">
  <testcase classname="pageObjectTests.LogIn" name="loginWithInvalidCredentialsBackEnd" time="3.427"/>
  <system-out/>
  <testcase classname="pageObjectTests.LogIn" name="logInAfterUpdatedPassword" time="5.355"/>
  <system-out/>
  <testcase classname="pageObjectTests.LogIn" name="logInWithOldEmail" time="4.032"/>
  <system-out/>
  <testcase classname="pageObjectTests.LogIn" name="loginWithInvalidCredentialsFrontEnd" time="6.681"/>
  <system-out/>
  <testcase classname="pageObjectTests.LogIn" name="loginWithInvalidCredentialsBackEnd" time="3.269"/>
  <system-out/>
  <testcase classname="pageObjectTests.LogIn" name="loginWithInvalidCredentialsFrontEnd" time="3.952"/>
  <system-out/>
  <testcase classname="pageObjectTests.LogIn" name="loginWithInvalidCredentialsFrontEnd" time="3.971"/>
  <system-out/>
  <testcase classname="pageObjectTests.LogIn" name="logInWithOldPassword" time="4.042"/>
  <system-out/>
  <testcase classname="pageObjectTests.LogIn" name="loginCorrectCredentials" time="4.248"/>
  <system-out/>
  <testcase classname="pageObjectTests.LogIn" name="logInAfterUpdatedEmail" time="5.413"/>
  <system-out/>
  <testcase classname="pageObjectTests.LogIn" name="loginWithInvalidCredentialsFrontEnd" time="4.070"/>
  <system-out/>
</testsuite> <!-- pageObjectTests.LogIn -->
