<?xml version="1.0" encoding="UTF-8"?>
<!-- Generated by org.testng.reporters.JUnitReportReporter -->
<testsuite hostname="DESKTOP-QT4IDS0" failures="0" tests="2" name="pageObjectTests.LogOut" time="30.214" errors="0" timestamp="2023-12-08T13:46:57 EST" skipped="0">
  <testcase classname="pageObjectTests.LogOut" name="logOutAfterEmailUpdate" time="16.669"/>
  <system-out/>
  <testcase classname="pageObjectTests.LogOut" name="logOutAfterPasswordUpdate" time="13.545"/>
  <system-out/>
</testsuite> <!-- pageObjectTests.LogOut -->
